        -:    0:Source:main.c
        -:    0:Graph:main.gcno
        -:    0:Data:main.gcda
        -:    0:Runs:5
        -:    0:Programs:1
        -:    1:#include <stdio.h>
        -:    2:#include "error_codes_and_defines.h"
        -:    3:#include "realization.h"
        -:    4:
        -:    5:void show_error_message(int error, int answer);
        5:    6:int main(int argc, char *argv[])
        -:    7:{
        -:    8:    FILE * in_file;
        5:    9:    int errorcode = ERROR_OK;
        -:   10:
        5:   11:    if (argc != 2)
        -:   12:    {
        1:   13:        errorcode = ERROR_BAD_ARGUMENT_COUNT;
        -:   14:    }
        -:   15:
        5:   16:    if (errorcode == ERROR_OK)
        -:   17:    {
        4:   18:        in_file = fopen(argv[1], "r");
        4:   19:        if (in_file == NULL)
        -:   20:        {
        1:   21:            errorcode = ERROR_IN_FILE;
        -:   22:        }
        -:   23:    }
        -:   24:
        5:   25:    int answer = 0;
        5:   26:    if (errorcode == ERROR_OK)
        -:   27:    {
        3:   28:        errorcode = sdelat_labu(in_file, &answer);
        3:   29:        fclose(in_file);
        -:   30:    }
        -:   31:
        5:   32:    show_error_message(errorcode, answer);
        5:   33:    return errorcode;
        -:   34:}
        -:   35:
        5:   36:void show_error_message(int error, int answer)
        -:   37:{
        5:   38:    if (error == ERROR_BAD_ARGUMENT_COUNT)
        1:   39:        printf("Bad argument count\n");
        5:   40:    if (error == ERROR_IN_FILE)
        1:   41:        printf("In file error\n");
        5:   42:    if (error == ERROR_OK)
        2:   43:        printf("Anwser: %d\n", answer);
        5:   44:    if (error == ERROR_NO_DATA_IN_FILE)
        1:   45:        printf("No data in input file\n");
        5:   46:}
